0 info it worked if it ends with ok
1 verbose cli [ '/usr/local/bin/node',
1 verbose cli   '/usr/local/bin/npm',
1 verbose cli   'install',
1 verbose cli   'request' ]
2 info using npm@2.1.6
3 info using node@v0.13.0-pre
4 warn package.json ChequeIn@0.0.1 No description
5 warn package.json ChequeIn@0.0.1 No repository field.
6 warn package.json ChequeIn@0.0.1 No README data
7 silly cache add args [ 'request@2.53.0', null ]
8 verbose cache add spec request@2.53.0
9 silly cache add parsed spec { raw: 'request@2.53.0',
9 silly cache add   scope: null,
9 silly cache add   name: 'request',
9 silly cache add   rawSpec: '2.53.0',
9 silly cache add   spec: '2.53.0',
9 silly cache add   type: 'version' }
10 verbose addNamed request@2.53.0
11 silly addNamed semver.valid 2.53.0
12 silly addNamed semver.validRange 2.53.0
13 verbose mapToRegistry name request
14 verbose mapToRegistry uri https://registry.npmjs.org/request
15 verbose addNameVersion registry:https://registry.npmjs.org/request not in flight; fetching
16 verbose request on initialization, where is /request
17 verbose request after pass 1, where is /request
18 verbose request url raw /request
19 verbose request resolving registry [ 'https://registry.npmjs.org/request', './request' ]
20 verbose request after pass 2, where is https://registry.npmjs.org/request
21 verbose request no auth needed
22 info attempt registry request try #1 at 06:14:31
23 verbose request id a2541e3b33f54cd8
24 http request GET https://registry.npmjs.org/request
25 info retry will retry, error on last attempt: Error: getaddrinfo ENOTFOUND registry.npmjs.org
26 info attempt registry request try #2 at 06:15:01
27 http request GET https://registry.npmjs.org/request
28 info retry will retry, error on last attempt: Error: getaddrinfo ENOTFOUND registry.npmjs.org
29 info attempt registry request try #3 at 06:16:21
30 http request GET https://registry.npmjs.org/request
31 verbose stack Error: getaddrinfo ENOTFOUND registry.npmjs.org
31 verbose stack     at errnoException (dns.js:44:10)
31 verbose stack     at GetAddrInfoReqWrap.onlookup [as oncomplete] (dns.js:94:26)
32 verbose cwd /home/sjeongus/Documents/ChequeIn
33 error Linux 3.16.0-29-generic
34 error argv "/usr/local/bin/node" "/usr/local/bin/npm" "install" "request"
35 error node v0.13.0-pre
36 error npm  v2.1.6
37 error code ENOTFOUND
38 error errno ENOTFOUND
39 error syscall getaddrinfo
40 error network getaddrinfo ENOTFOUND registry.npmjs.org
40 error network This is most likely not a problem with npm itself
40 error network and is related to network connectivity.
40 error network In most cases you are behind a proxy or have bad network settings.
40 error network
40 error network If you are behind a proxy, please make sure that the
40 error network 'proxy' config is set properly.  See: 'npm help config'
41 verbose exit [ 1, true ]
